<?xml version="1.0" encoding="utf-8"?><testsuites name="pytest tests"><testsuite name="pytest" errors="0" failures="0" skipped="0" tests="16" time="4.080" timestamp="2026-04-19T23:25:39.798373+00:00" hostname="agent-env-1c12738f-7f5f-4886-9b53-56c8e8e16cc2"><testcase classname="tests.test_centro_control_whatsapp.TestCentroControlPing" name="test_ping_endpoint_accessible" time="0.237" /><testcase classname="tests.test_centro_control_whatsapp.TestWhatsAppConfig" name="test_whatsapp_config_requires_auth" time="0.120" /><testcase classname="tests.test_centro_control_whatsapp.TestWhatsAppConfig" name="test_whatsapp_config_returns_status" time="0.459" /><testcase classname="tests.test_centro_control_whatsapp.TestWhatsAppConfig" name="test_twilio_credentials_configured" time="0.117" /><testcase classname="tests.test_centro_control_whatsapp.TestWhatsAppConfig" name="test_no_recipients_configured" time="0.113" /><testcase classname="tests.test_centro_control_whatsapp.TestWhatsAppTestMessage" name="test_whatsapp_test_requires_auth" time="0.108" /><testcase classname="tests.test_centro_control_whatsapp.TestWhatsAppTestMessage" name="test_whatsapp_test_fails_without_recipients" time="0.474" /><testcase classname="tests.test_centro_control_whatsapp.TestNotificacionesConfig" name="test_notificaciones_config_requires_auth" time="0.123" /><testcase classname="tests.test_centro_control_whatsapp.TestNotificacionesConfig" name="test_notificaciones_config_returns_all_services" time="0.538" /><testcase classname="tests.test_centro_control_whatsapp.TestNotificacionesConfig" name="test_email_service_config" time="0.119" /><testcase classname="tests.test_centro_control_whatsapp.TestNotificacionesConfig" name="test_whatsapp_service_config" time="0.161" /><testcase classname="tests.test_centro_control_whatsapp.TestNotificacionesConfig" name="test_websocket_service_config" time="0.136" /><testcase classname="tests.test_centro_control_whatsapp.TestNotificacionesConfig" name="test_flujo_alertas_criticas" time="0.131" /><testcase classname="tests.test_centro_control_whatsapp.TestWhatsAppAlertaCritica" name="test_alerta_critica_requires_auth" time="0.112" /><testcase classname="tests.test_centro_control_whatsapp.TestWhatsAppAlertaCritica" name="test_alerta_critica_fails_without_recipients" time="0.471" /><testcase classname="tests.test_centro_control_whatsapp.TestIntegrationSummary" name="test_whatsapp_integration_summary" time="0.577" /></testsuite></testsuites>