<?xml version="1.0" encoding="utf-8"?><testsuites name="pytest tests"><testsuite name="pytest" errors="0" failures="1" skipped="1" tests="9" time="190.136" timestamp="2026-03-13T21:21:51.866189+00:00" hostname="agent-env-1c12738f-7f5f-4886-9b53-56c8e8e16cc2"><testcase classname="backend.tests.test_inventory_analysis_filters.TestAuth" name="test_admin_login" time="0.554" /><testcase classname="backend.tests.test_inventory_analysis_filters.TestReportFilters" name="test_report_filters_returns_categorias" time="0.980" /><testcase classname="backend.tests.test_inventory_analysis_filters.TestReportFilters" name="test_report_filters_returns_familias" time="0.946" /><testcase classname="backend.tests.test_inventory_analysis_filters.TestReportFilters" name="test_report_filters_returns_subfamilias" time="0.984" /><testcase classname="backend.tests.test_inventory_analysis_filters.TestReportFilters" name="test_report_filters_expected_counts" time="0.994" /><testcase classname="backend.tests.test_inventory_analysis_filters.TestReportFilters" name="test_report_filters_for_non_mpro_returns_empty" time="0.613" /><testcase classname="backend.tests.test_inventory_analysis_filters.TestInventoryAnalysisEndpoint" name="test_inventory_analysis_accepts_filter_params" time="62.149"><failure message="AssertionError: Unexpected status: 502, The preview environment is not responding. It may be starting up.&#10;  &#10;assert 502 in [200, 404]&#10; +  where 502 = &lt;Response [502]&gt;.status_code">backend/tests/test_inventory_analysis_filters.py:249: in test_inventory_analysis_accepts_filter_params
    assert response.status_code in [200, 404], f"Unexpected status: {response.status_code}, {response.text}"
E   AssertionError: Unexpected status: 502, The preview environment is not responding. It may be starting up.
E     
E   assert 502 in [200, 404]
E    +  where 502 = &lt;Response [502]&gt;.status_code</failure></testcase><testcase classname="backend.tests.test_inventory_analysis_filters.TestInventoryAnalysisResponseColumns" name="test_response_contains_valor_real_and_teorico" time="91.455"><skipped type="pytest.skip" message="Analysis endpoint returned 502">/app/backend/tests/test_inventory_analysis_filters.py:334: Analysis endpoint returned 502</skipped></testcase><testcase classname="backend.tests.test_inventory_analysis_filters.TestServersList" name="test_servers_list" time="31.313" /></testsuite></testsuites>