<?xml version="1.0" encoding="utf-8"?><testsuites name="pytest tests"><testsuite name="pytest" errors="0" failures="0" skipped="0" tests="15" time="6.677" timestamp="2026-04-21T09:22:05.690570+00:00" hostname="agent-env-1c12738f-7f5f-4886-9b53-56c8e8e16cc2"><testcase classname="tests.test_rbac_fase11_post_endpoints.TestAuthBasics" name="test_login_superadmin" time="0.422" /><testcase classname="tests.test_rbac_fase11_post_endpoints.TestAuthBasics" name="test_login_admin" time="0.360" /><testcase classname="tests.test_rbac_fase11_post_endpoints.TestAuthBasics" name="test_login_usuario" time="0.326" /><testcase classname="tests.test_rbac_fase11_post_endpoints.TestAuthBasics" name="test_auth_register_public" time="0.330" /><testcase classname="tests.test_rbac_fase11_post_endpoints.TestPostUsersRBAC" name="test_post_users_superadmin_allowed" time="0.666" /><testcase classname="tests.test_rbac_fase11_post_endpoints.TestPostUsersRBAC" name="test_post_users_admin_legacy_fallback" time="0.653" /><testcase classname="tests.test_rbac_fase11_post_endpoints.TestPostUsersRBAC" name="test_post_users_usuario_denied" time="0.424" /><testcase classname="tests.test_rbac_fase11_post_endpoints.TestPostUsersRBAC" name="test_post_users_no_auth_denied" time="0.112" /><testcase classname="tests.test_rbac_fase11_post_endpoints.TestPostRolesRBAC" name="test_post_roles_superadmin_allowed" time="0.552" /><testcase classname="tests.test_rbac_fase11_post_endpoints.TestPostRolesRBAC" name="test_post_roles_admin_legacy_fallback" time="0.530" /><testcase classname="tests.test_rbac_fase11_post_endpoints.TestPostRolesRBAC" name="test_post_roles_usuario_denied" time="0.449" /><testcase classname="tests.test_rbac_fase11_post_endpoints.TestGetEndpointsNoRegression" name="test_get_users_superadmin" time="0.479" /><testcase classname="tests.test_rbac_fase11_post_endpoints.TestGetEndpointsNoRegression" name="test_get_users_admin" time="0.446" /><testcase classname="tests.test_rbac_fase11_post_endpoints.TestGetEndpointsNoRegression" name="test_get_roles_superadmin" time="0.424" /><testcase classname="tests.test_rbac_fase11_post_endpoints.TestGetEndpointsNoRegression" name="test_get_roles_admin" time="0.434" /></testsuite></testsuites>