<?xml version="1.0" encoding="utf-8"?><testsuites name="pytest tests"><testsuite name="pytest" errors="0" failures="0" skipped="0" tests="15" time="13.763" timestamp="2026-03-24T02:14:07.581948+00:00" hostname="agent-env-1c12738f-7f5f-4886-9b53-56c8e8e16cc2"><testcase classname="backend.tests.test_mpro_inventory_analysis.TestMPROServerAccess" name="test_mpro_server_exists" time="0.506" /><testcase classname="backend.tests.test_mpro_inventory_analysis.TestMPROServerAccess" name="test_mpro_sucursales_available" time="0.323" /><testcase classname="backend.tests.test_mpro_inventory_analysis.TestMPROServerAccess" name="test_mpro_almacenes_available" time="0.304" /><testcase classname="backend.tests.test_mpro_inventory_analysis.TestMPROInventoryAnalysis" name="test_report_generates_successfully" time="8.449" /><testcase classname="backend.tests.test_mpro_inventory_analysis.TestMPROInventoryAnalysis" name="test_report_has_correct_structure" time="0.000" /><testcase classname="backend.tests.test_mpro_inventory_analysis.TestMPROInventoryAnalysis" name="test_insumo_ron_bacardi_appears_in_report" time="0.000" /><testcase classname="backend.tests.test_mpro_inventory_analysis.TestMPROInventoryAnalysis" name="test_ron_bacardi_has_sales" time="0.000" /><testcase classname="backend.tests.test_mpro_inventory_analysis.TestMPROInventoryAnalysis" name="test_presentation_7586_not_in_report" time="0.000" /><testcase classname="backend.tests.test_mpro_inventory_analysis.TestMPROInventoryAnalysis" name="test_presentation_9049_not_in_report" time="0.000" /><testcase classname="backend.tests.test_mpro_inventory_analysis.TestMPROInventoryAnalysis" name="test_report_has_insumos_and_compras" time="0.000" /><testcase classname="backend.tests.test_mpro_inventory_analysis.TestMPROInventoryAnalysis" name="test_no_capture_errors_for_valid_data" time="0.000" /><testcase classname="backend.tests.test_mpro_inventory_analysis.TestSoftRestaurantNoRegression" name="test_softrestaurant_server_exists" time="0.163" /><testcase classname="backend.tests.test_mpro_inventory_analysis.TestSoftRestaurantNoRegression" name="test_softrestaurant_almacenes_available" time="0.544" /><testcase classname="backend.tests.test_mpro_inventory_analysis.TestSoftRestaurantNoRegression" name="test_softrestaurant_inventarios_available" time="0.518" /><testcase classname="backend.tests.test_mpro_inventory_analysis.TestSoftRestaurantNoRegression" name="test_softrestaurant_report_generates" time="2.905" /></testsuite></testsuites>