<?xml version="1.0" encoding="utf-8"?><testsuites name="pytest tests"><testsuite name="pytest" errors="0" failures="0" skipped="0" tests="14" time="7.742" timestamp="2026-04-20T01:03:56.035377+00:00" hostname="agent-env-1c12738f-7f5f-4886-9b53-56c8e8e16cc2"><testcase classname="tests.test_automatizacion_compras_fase43.TestAutomatizacionComprasFase43" name="test_get_automatizacion_includes_consumo_fields" time="0.571" /><testcase classname="tests.test_automatizacion_compras_fase43.TestAutomatizacionComprasFase43" name="test_get_known_automatizacion_with_adjustment" time="0.399" /><testcase classname="tests.test_automatizacion_compras_fase43.TestAutomatizacionComprasFase43" name="test_detalle_productos_has_consumo_base_and_ajustado" time="0.424" /><testcase classname="tests.test_automatizacion_compras_fase43.TestAutomatizacionComprasFase43" name="test_parametros_consumo_positive_adjustment_increases_consumo" time="0.599" /><testcase classname="tests.test_automatizacion_compras_fase43.TestAutomatizacionComprasFase43" name="test_parametros_consumo_negative_adjustment_decreases_consumo" time="0.607" /><testcase classname="tests.test_automatizacion_compras_fase43.TestAutomatizacionComprasFase43" name="test_parametros_consumo_rejects_out_of_range_positive" time="0.472" /><testcase classname="tests.test_automatizacion_compras_fase43.TestAutomatizacionComprasFase43" name="test_parametros_consumo_rejects_out_of_range_negative" time="0.484" /><testcase classname="tests.test_automatizacion_compras_fase43.TestAutomatizacionComprasFase43" name="test_parametros_consumo_accepts_boundary_values" time="0.671" /><testcase classname="tests.test_automatizacion_compras_fase43.TestAutomatizacionComprasFase43" name="test_bitacora_registers_cambio_parametros_consumo" time="0.580" /><testcase classname="tests.test_automatizacion_compras_fase43.TestAutomatizacionComprasFase43" name="test_parametros_consumo_modify_statistical_period" time="0.560" /><testcase classname="tests.test_automatizacion_compras_fase43.TestAutomatizacionComprasFase43" name="test_consumo_ajustado_formula_calculation" time="0.611" /><testcase classname="tests.test_automatizacion_compras_fase43.TestAutomatizacionComprasFase43" name="test_operational_period_not_modified" time="0.643" /><testcase classname="tests.test_automatizacion_compras_fase43.TestAutomatizacionComprasFase43" name="test_parametros_consumo_requires_authentication" time="0.518" /><testcase classname="tests.test_automatizacion_compras_fase43.TestAutomatizacionComprasFase43" name="test_parametros_consumo_no_change_if_same_values" time="0.510" /></testsuite></testsuites>