<?xml version="1.0" encoding="utf-8"?><testsuites name="pytest tests"><testsuite name="pytest" errors="0" failures="0" skipped="0" tests="9" time="3.861" timestamp="2026-03-13T22:42:04.270515+00:00" hostname="agent-env-1c12738f-7f5f-4886-9b53-56c8e8e16cc2"><testcase classname="backend.tests.test_movement_sales_details.TestMovementDetailsEndpoint" name="test_movement_details_endpoint_exists" time="1.209" /><testcase classname="backend.tests.test_movement_sales_details.TestMovementDetailsEndpoint" name="test_movement_details_requires_auth" time="0.140" /><testcase classname="backend.tests.test_movement_sales_details.TestMovementDetailsEndpoint" name="test_movement_details_with_valid_params" time="0.681" /><testcase classname="backend.tests.test_movement_sales_details.TestSalesDetailsEndpoint" name="test_sales_details_endpoint_exists" time="0.575" /><testcase classname="backend.tests.test_movement_sales_details.TestSalesDetailsEndpoint" name="test_sales_details_requires_auth" time="0.119" /><testcase classname="backend.tests.test_movement_sales_details.TestSalesDetailsEndpoint" name="test_sales_details_with_valid_params" time="0.543" /><testcase classname="backend.tests.test_movement_sales_details.TestAlmacenGeneralLogic" name="test_get_almacenes_includes_general" time="0.434" /><testcase classname="backend.tests.test_movement_sales_details.TestInvalidParams" name="test_movement_details_invalid_server" time="0.056" /><testcase classname="backend.tests.test_movement_sales_details.TestInvalidParams" name="test_sales_details_invalid_server" time="0.052" /></testsuite></testsuites>