<?xml version="1.0" encoding="utf-8"?><testsuites name="pytest tests"><testsuite name="pytest" errors="0" failures="0" skipped="1" tests="17" time="11.352" timestamp="2026-04-07T21:43:01.380317+00:00" hostname="agent-env-1c12738f-7f5f-4886-9b53-56c8e8e16cc2"><testcase classname="backend.tests.test_nominas.TestNominaConfiguration" name="test_get_configuracion_default" time="0.550" /><testcase classname="backend.tests.test_nominas.TestNominaConfiguration" name="test_post_configuracion_admin_only" time="0.506" /><testcase classname="backend.tests.test_nominas.TestNominaConfiguration" name="test_post_configuracion_custom_values" time="0.715" /><testcase classname="backend.tests.test_nominas.TestNominaCiclos" name="test_get_ciclos_list" time="0.495" /><testcase classname="backend.tests.test_nominas.TestNominaCiclos" name="test_get_ciclos_with_filters" time="0.680" /><testcase classname="backend.tests.test_nominas.TestNominaCiclos" name="test_create_ciclo_requires_supervisor_or_admin" time="1.312" /><testcase classname="backend.tests.test_nominas.TestNominaCiclos" name="test_create_ciclo_validation" time="0.584" /><testcase classname="backend.tests.test_nominas.TestNominaWorkflow" name="test_avanzar_etapa_requires_password" time="0.914" /><testcase classname="backend.tests.test_nominas.TestNominaWorkflow" name="test_avanzar_etapa_with_valid_password" time="0.935" /><testcase classname="backend.tests.test_nominas.TestNominaWorkflow" name="test_rechazar_devuelve_a_validacion_rh" time="0.571"><skipped type="pytest.skip" message="Stage incidencias cannot be rejected">/app/backend/tests/test_nominas.py:308: Stage incidencias cannot be rejected</skipped></testcase><testcase classname="backend.tests.test_nominas.TestNominaMovimientos" name="test_get_movimientos" time="0.620" /><testcase classname="backend.tests.test_nominas.TestNominaMovimientos" name="test_post_movimiento" time="0.575" /><testcase classname="backend.tests.test_nominas.TestNominaMovimientos" name="test_post_movimiento_validation" time="0.738" /><testcase classname="backend.tests.test_nominas.TestNominaKPIs" name="test_get_kpis" time="0.488" /><testcase classname="backend.tests.test_nominas.TestNominaKPIs" name="test_post_kpi_admin_only" time="0.482" /><testcase classname="backend.tests.test_nominas.TestNominaKPIs" name="test_post_kpi_validation" time="0.470" /><testcase classname="backend.tests.test_nominas.TestNominaHistorial" name="test_ciclo_has_historial" time="0.587" /></testsuite></testsuites>