<?xml version="1.0" encoding="utf-8"?><testsuites name="pytest tests"><testsuite name="pytest" errors="0" failures="0" skipped="0" tests="14" time="11.987" timestamp="2026-04-03T06:54:47.862375+00:00" hostname="agent-env-1c12738f-7f5f-4886-9b53-56c8e8e16cc2"><testcase classname="backend.tests.test_compras_analisis.TestComprasAnalisis" name="test_analisis_endpoint_returns_200" time="1.077" /><testcase classname="backend.tests.test_compras_analisis.TestComprasAnalisis" name="test_analisis_returns_proveedores_list" time="1.090" /><testcase classname="backend.tests.test_compras_analisis.TestComprasAnalisis" name="test_analisis_proveedor_has_required_fields" time="1.028" /><testcase classname="backend.tests.test_compras_analisis.TestComprasAnalisis" name="test_analisis_returns_alertas" time="0.930" /><testcase classname="backend.tests.test_compras_analisis.TestComprasAnalisis" name="test_analisis_multiple_months" time="1.004" /><testcase classname="backend.tests.test_compras_analisis.TestComprasAnalisis" name="test_analisis_multiple_years" time="1.834" /><testcase classname="backend.tests.test_compras_analisis.TestComprasAnalisis" name="test_analisis_invalid_server_returns_404" time="0.514" /><testcase classname="backend.tests.test_compras_analisis.TestComprasAnalisis" name="test_facturas_proveedor_endpoint_exists" time="0.522" /><testcase classname="backend.tests.test_compras_analisis.TestComprasAnalisis" name="test_facturas_proveedor_returns_list" time="0.506" /><testcase classname="backend.tests.test_compras_analisis.TestComprasAnalisis" name="test_facturas_proveedor_invalid_server_returns_404" time="0.523" /><testcase classname="backend.tests.test_compras_analisis.TestComprasAnalisis" name="test_detalle_factura_endpoint_exists" time="0.522" /><testcase classname="backend.tests.test_compras_analisis.TestComprasAnalisis" name="test_detalle_factura_returns_list" time="0.527" /><testcase classname="backend.tests.test_compras_analisis.TestComprasAnalisis" name="test_detalle_factura_invalid_server_returns_404" time="0.530" /><testcase classname="backend.tests.test_compras_analisis.TestComprasAnalisisMPRO" name="test_mpro_analisis_endpoint" time="1.279" /></testsuite></testsuites>