<?xml version="1.0" encoding="utf-8"?><testsuites name="pytest tests"><testsuite name="pytest" errors="0" failures="1" skipped="0" tests="18" time="8.872" timestamp="2026-04-07T17:29:40.532295+00:00" hostname="agent-env-1c12738f-7f5f-4886-9b53-56c8e8e16cc2"><testcase classname="backend.tests.test_sistema_trazabilidad.TestSistemaTrazabilidad" name="test_01_create_solicitud_with_historial" time="0.576" /><testcase classname="backend.tests.test_sistema_trazabilidad.TestSistemaTrazabilidad" name="test_02_get_historial_after_creation" time="0.422" /><testcase classname="backend.tests.test_sistema_trazabilidad.TestSistemaTrazabilidad" name="test_03_historial_includes_nivel_info" time="0.415" /><testcase classname="backend.tests.test_sistema_trazabilidad.TestSistemaTrazabilidad" name="test_04_get_catalogos_with_niveles" time="0.390" /><testcase classname="backend.tests.test_sistema_trazabilidad.TestSistemaTrazabilidad" name="test_05_configure_niveles_aprobacion" time="0.475" /><testcase classname="backend.tests.test_sistema_trazabilidad.TestSistemaTrazabilidad" name="test_06_configure_niveles_invalid_value" time="0.450" /><testcase classname="backend.tests.test_sistema_trazabilidad.TestSistemaTrazabilidad" name="test_07_reject_solicitud_creates_historial_event" time="0.486" /><testcase classname="backend.tests.test_sistema_trazabilidad.TestSistemaTrazabilidad" name="test_08_solicitud_status_after_rejection" time="0.396" /><testcase classname="backend.tests.test_sistema_trazabilidad.TestSistemaTrazabilidad" name="test_09_corregir_solicitud" time="0.403" /><testcase classname="backend.tests.test_sistema_trazabilidad.TestSistemaTrazabilidad" name="test_10_solicitud_status_after_correction" time="0.392" /><testcase classname="backend.tests.test_sistema_trazabilidad.TestSistemaTrazabilidad" name="test_11_historial_has_correccion_event" time="0.400" /><testcase classname="backend.tests.test_sistema_trazabilidad.TestSistemaTrazabilidad" name="test_12_create_solicitud_with_2_levels" time="0.498" /><testcase classname="backend.tests.test_sistema_trazabilidad.TestSistemaTrazabilidad" name="test_13_approve_level_1" time="0.697" /><testcase classname="backend.tests.test_sistema_trazabilidad.TestSistemaTrazabilidad" name="test_14_historial_has_aprobacion_nivel_event" time="0.377" /><testcase classname="backend.tests.test_sistema_trazabilidad.TestSistemaTrazabilidad" name="test_15_approve_level_2_final" time="1.169" /><testcase classname="backend.tests.test_sistema_trazabilidad.TestSistemaTrazabilidad" name="test_16_historial_has_aprobacion_final_event" time="0.407" /><testcase classname="backend.tests.test_sistema_trazabilidad.TestSistemaTrazabilidad" name="test_17_solicitudes_list_includes_nivel_info" time="0.423"><failure message="AssertionError: Solicitud bc6c961c-2eb1-46b3-9b0f-6fb56501367d missing nivel_actual&#10;assert 'nivel_actual' in {'aprobador_email': 'admin@inventario.com', 'aprobador_id': '0da77b7b-fe88-4e23-98bc-9cbf543d5ee3', 'catalogo_id': 'puestos', 'catalogo_nombre': 'Puestos', ...}">backend/tests/test_sistema_trazabilidad.py:456: in test_17_solicitudes_list_includes_nivel_info
    assert "nivel_actual" in sol, f"Solicitud {sol.get('id')} missing nivel_actual"
E   AssertionError: Solicitud bc6c961c-2eb1-46b3-9b0f-6fb56501367d missing nivel_actual
E   assert 'nivel_actual' in {'aprobador_email': 'admin@inventario.com', 'aprobador_id': '0da77b7b-fe88-4e23-98bc-9cbf543d5ee3', 'catalogo_id': 'puestos', 'catalogo_nombre': 'Puestos', ...}</failure></testcase><testcase classname="backend.tests.test_sistema_trazabilidad.TestSistemaTrazabilidad" name="test_99_cleanup" time="0.383" /></testsuite></testsuites>