<?xml version="1.0" encoding="utf-8"?><testsuites name="pytest tests"><testsuite name="pytest" errors="0" failures="0" skipped="1" tests="20" time="29.620" timestamp="2026-04-22T07:22:13.276129+00:00" hostname="agent-env-1c12738f-7f5f-4886-9b53-56c8e8e16cc2"><testcase classname="tests.test_config_asignaciones.TestConfigAsignacionesAPI" name="test_01_login_superadmin" time="0.473" /><testcase classname="tests.test_config_asignaciones.TestConfigAsignacionesAPI" name="test_02_list_asignaciones_success" time="0.398" /><testcase classname="tests.test_config_asignaciones.TestConfigAsignacionesAPI" name="test_03_list_asignaciones_with_filter_unidad" time="0.886" /><testcase classname="tests.test_config_asignaciones.TestConfigAsignacionesAPI" name="test_04_list_asignaciones_with_filter_activa" time="0.369" /><testcase classname="tests.test_config_asignaciones.TestConfigAsignacionesAPI" name="test_05_list_asignaciones_no_auth" time="0.139" /><testcase classname="tests.test_config_asignaciones.TestConfigAsignacionesAPI" name="test_06_get_unidades_negocio_success" time="0.573" /><testcase classname="tests.test_config_asignaciones.TestConfigAsignacionesAPI" name="test_07_get_unidades_negocio_no_auth" time="0.097" /><testcase classname="tests.test_config_asignaciones.TestConfigAsignacionesAPI" name="test_08_get_almacenes_success" time="0.882" /><testcase classname="tests.test_config_asignaciones.TestConfigAsignacionesAPI" name="test_09_get_almacenes_invalid_unidad" time="0.388" /><testcase classname="tests.test_config_asignaciones.TestConfigAsignacionesAPI" name="test_10_create_asignacion_success" time="0.643" /><testcase classname="tests.test_config_asignaciones.TestConfigAsignacionesAPI" name="test_11_create_asignacion_duplicate_error" time="0.546" /><testcase classname="tests.test_config_asignaciones.TestConfigAsignacionesAPI" name="test_12_create_asignacion_invalid_user" time="0.466" /><testcase classname="tests.test_config_asignaciones.TestConfigAsignacionesAPI" name="test_13_create_asignacion_missing_fields" time="20.439" /><testcase classname="tests.test_config_asignaciones.TestConfigAsignacionesAPI" name="test_14_update_asignacion_success" time="0.547" /><testcase classname="tests.test_config_asignaciones.TestConfigAsignacionesAPI" name="test_15_update_asignacion_change_user" time="0.428"><skipped type="pytest.skip" message="No different user available for test">/app/backend/tests/test_config_asignaciones.py:412: No different user available for test</skipped></testcase><testcase classname="tests.test_config_asignaciones.TestConfigAsignacionesAPI" name="test_16_update_asignacion_not_found" time="0.378" /><testcase classname="tests.test_config_asignaciones.TestConfigAsignacionesAPI" name="test_17_delete_asignacion_success" time="0.704" /><testcase classname="tests.test_config_asignaciones.TestConfigAsignacionesAPI" name="test_18_delete_asignacion_not_found" time="0.366" /><testcase classname="tests.test_config_asignaciones.TestConfigAsignacionesAPI" name="test_19_get_asignacion_by_id_success" time="0.439" /><testcase classname="tests.test_config_asignaciones.TestConfigAsignacionesAPI" name="test_20_get_asignacion_by_id_not_found" time="0.371" /></testsuite></testsuites>