<?xml version="1.0" encoding="utf-8"?><testsuites name="pytest tests"><testsuite name="pytest" errors="0" failures="0" skipped="0" tests="9" time="19.839" timestamp="2026-03-23T18:01:22.809657+00:00" hostname="agent-env-1c12738f-7f5f-4886-9b53-56c8e8e16cc2"><testcase classname="tests.test_softrestaurant_inventory.TestSoftRestaurantInventoryAnalysis" name="test_login_success" time="0.453" /><testcase classname="tests.test_softrestaurant_inventory.TestSoftRestaurantInventoryAnalysis" name="test_server_exists" time="0.459" /><testcase classname="tests.test_softrestaurant_inventory.TestSoftRestaurantInventoryAnalysis" name="test_almacenes_softrestaurant" time="0.528" /><testcase classname="tests.test_softrestaurant_inventory.TestSoftRestaurantInventoryAnalysis" name="test_inventarios_list" time="0.524" /><testcase classname="tests.test_softrestaurant_inventory.TestSoftRestaurantInventoryAnalysis" name="test_inventory_analysis_generates_report" time="3.437" /><testcase classname="tests.test_softrestaurant_inventory.TestSoftRestaurantInventoryAnalysis" name="test_product_codes_no_double_prefix" time="3.474" /><testcase classname="tests.test_softrestaurant_inventory.TestSoftRestaurantInventoryAnalysis" name="test_products_have_description_and_category" time="3.408" /><testcase classname="tests.test_softrestaurant_inventory.TestSoftRestaurantInventoryAnalysis" name="test_products_with_movements_have_values" time="3.424" /><testcase classname="tests.test_softrestaurant_inventory.TestMovementDetailsModal" name="test_movement_details_endpoint" time="4.022" /></testsuite></testsuites>