<?xml version="1.0" encoding="utf-8"?><testsuites name="pytest tests"><testsuite name="pytest" errors="0" failures="0" skipped="0" tests="13" time="16.065" timestamp="2026-03-12T01:29:09.349799+00:00" hostname="agent-env-1c12738f-7f5f-4886-9b53-56c8e8e16cc2"><testcase classname="tests.test_user_permissions.TestLoginWithCredentials" name="test_admin_login_success" time="0.518" /><testcase classname="tests.test_user_permissions.TestLoginWithCredentials" name="test_test_user_login_success" time="0.346" /><testcase classname="tests.test_user_permissions.TestLoginWithCredentials" name="test_invalid_credentials_rejected" time="0.144" /><testcase classname="tests.test_user_permissions.TestUsersPage" name="test_users_endpoint_requires_auth" time="0.139" /><testcase classname="tests.test_user_permissions.TestUsersPage" name="test_admin_can_list_users" time="11.986" /><testcase classname="tests.test_user_permissions.TestUsersPage" name="test_non_admin_cannot_list_users" time="0.531" /><testcase classname="tests.test_user_permissions.TestPermissionsAdminSeesAllServers" name="test_admin_sees_all_servers" time="0.118" /><testcase classname="tests.test_user_permissions.TestPermissionsRestrictedUserAccess" name="test_restricted_user_sees_only_assigned_servers" time="0.468" /><testcase classname="tests.test_user_permissions.TestUpdateUserPermissions" name="test_admin_can_update_permissions" time="0.477" /><testcase classname="tests.test_user_permissions.TestUpdateUserPermissions" name="test_non_admin_cannot_update_permissions" time="0.261" /><testcase classname="tests.test_user_permissions.TestCompanyGroups" name="test_get_company_groups" time="0.121" /><testcase classname="tests.test_user_permissions.TestServerAccessPermissions" name="test_admin_can_access_any_server" time="0.438" /><testcase classname="tests.test_user_permissions.TestServerAccessPermissions" name="test_restricted_user_blocked_from_unauthorized_server" time="0.454" /></testsuite></testsuites>