<?xml version="1.0" encoding="utf-8"?><testsuites name="pytest tests"><testsuite name="pytest" errors="0" failures="0" skipped="0" tests="14" time="13.883" timestamp="2026-04-20T02:22:00.012778+00:00" hostname="agent-env-1c12738f-7f5f-4886-9b53-56c8e8e16cc2"><testcase classname="tests.test_comercial_rbac_blindaje.TestComercialRBACBlindaje" name="test_unidades_negocio_returns_filtered_list" time="0.504" /><testcase classname="tests.test_comercial_rbac_blindaje.TestComercialRBACBlindaje" name="test_each_unidad_has_only_authorized_sucursales" time="0.382" /><testcase classname="tests.test_comercial_rbac_blindaje.TestComercialRBACBlindaje" name="test_comercial_dashboard_validates_server_access" time="1.188" /><testcase classname="tests.test_comercial_rbac_blindaje.TestComercialRBACBlindaje" name="test_comercial_dashboard_rejects_unauthorized_server" time="0.394" /><testcase classname="tests.test_comercial_rbac_blindaje.TestComercialRBACBlindaje" name="test_tablero_ejecutivo_respects_rbac" time="2.975" /><testcase classname="tests.test_comercial_rbac_blindaje.TestComercialRBACBlindaje" name="test_comercial_sucursales_validates_rbac" time="0.482" /><testcase classname="tests.test_comercial_rbac_blindaje.TestComercialRBACBlindaje" name="test_comercial_metas_validates_rbac" time="3.419" /><testcase classname="tests.test_comercial_rbac_blindaje.TestComercialRBACBlindaje" name="test_comercial_ticket_perfecto_validates_rbac" time="1.708" /><testcase classname="tests.test_comercial_rbac_blindaje.TestComercialRBACBlindaje" name="test_comercial_ventas_tiempo_validates_rbac" time="0.492" /><testcase classname="tests.test_comercial_rbac_blindaje.TestComercialRBACBlindaje" name="test_comercial_mesas_validates_rbac" time="0.470" /><testcase classname="tests.test_comercial_rbac_blindaje.TestComercialRBACBlindaje" name="test_comercial_detalle_movimientos_validates_rbac" time="0.449" /><testcase classname="tests.test_comercial_rbac_blindaje.TestComercialRBACBlindaje" name="test_comercial_reporte_pax_validates_rbac" time="0.478" /><testcase classname="tests.test_comercial_rbac_blindaje.TestComercialRBACBlindaje" name="test_comercial_precios_constantes_validates_rbac" time="0.485" /><testcase classname="tests.test_comercial_rbac_blindaje.TestComercialRBACBlindaje" name="test_unidades_structure_prevents_cross_contamination" time="0.392" /></testsuite></testsuites>