<?xml version="1.0" encoding="utf-8"?><testsuites name="pytest tests"><testsuite name="pytest" errors="0" failures="0" skipped="0" tests="12" time="22.834" timestamp="2026-04-07T09:02:35.614641+00:00" hostname="agent-env-1c12738f-7f5f-4886-9b53-56c8e8e16cc2"><testcase classname="backend.tests.test_comparativo_inventarios.TestComparativoInventarios" name="test_01_login_success" time="0.694" /><testcase classname="backend.tests.test_comparativo_inventarios.TestComparativoInventarios" name="test_02_get_servers" time="0.379" /><testcase classname="backend.tests.test_comparativo_inventarios.TestComparativoInventarios" name="test_03_get_sucursales" time="0.535" /><testcase classname="backend.tests.test_comparativo_inventarios.TestComparativoInventarios" name="test_04_get_almacenes" time="0.538" /><testcase classname="backend.tests.test_comparativo_inventarios.TestComparativoInventarios" name="test_05_cache_has_4_documents" time="0.670" /><testcase classname="backend.tests.test_comparativo_inventarios.TestComparativoInventarios" name="test_06_export_comparativo_returns_excel" time="0.681" /><testcase classname="backend.tests.test_comparativo_inventarios.TestComparativoInventarios" name="test_07_export_without_almacen_fails" time="0.379" /><testcase classname="backend.tests.test_comparativo_inventarios.TestComparativoInventarios" name="test_08_export_with_invalid_server_fails" time="0.374" /><testcase classname="backend.tests.test_comparativo_inventarios.TestComparativoInventarios" name="test_09_inventory_analysis_endpoint_exists" time="8.516" /><testcase classname="backend.tests.test_comparativo_inventarios.TestComparativoInventarios" name="test_10_verify_cache_key_structure" time="0.338" /><testcase classname="backend.tests.test_comparativo_inventarios.TestSQLQueryDateComparison" name="test_11_date_comparison_in_export" time="0.668" /><testcase classname="backend.tests.test_comparativo_inventarios.TestFrontendDataStructure" name="test_12_inventarios_finales_info_structure" time="9.001" /></testsuite></testsuites>