<?xml version="1.0" encoding="utf-8"?><testsuites name="pytest tests"><testsuite name="pytest" errors="0" failures="0" skipped="15" tests="25" time="3.600" timestamp="2026-04-17T08:54:29.625257+00:00" hostname="agent-env-1c12738f-7f5f-4886-9b53-56c8e8e16cc2"><testcase classname="tests.test_responsabilidad_aprobaciones.TestAprobacionesEndpointsBasicos" name="test_pendientes_aprobacion_endpoint" time="0.198" /><testcase classname="tests.test_responsabilidad_aprobaciones.TestAprobacionesEndpointsBasicos" name="test_en_disputa_endpoint" time="0.143" /><testcase classname="tests.test_responsabilidad_aprobaciones.TestComentarioObligatorio" name="test_comentario_menor_10_caracteres_rechazado" time="0.112"><skipped type="pytest.skip" message="No CALCULADO records available for testing">/app/backend/tests/test_responsabilidad_aprobaciones.py:76: No CALCULADO records available for testing</skipped></testcase><testcase classname="tests.test_responsabilidad_aprobaciones.TestComentarioObligatorio" name="test_comentario_trivial_rechazado" time="0.106"><skipped type="pytest.skip" message="No CALCULADO records available for testing">/app/backend/tests/test_responsabilidad_aprobaciones.py:99: No CALCULADO records available for testing</skipped></testcase><testcase classname="tests.test_responsabilidad_aprobaciones.TestTransicionCalculadoPropuesto" name="test_proponer_desde_calculado" time="0.107"><skipped type="pytest.skip" message="No CALCULADO records available for testing">/app/backend/tests/test_responsabilidad_aprobaciones.py:127: No CALCULADO records available for testing</skipped></testcase><testcase classname="tests.test_responsabilidad_aprobaciones.TestTransicionPropuestoAprobado" name="test_aprobar_desde_propuesto" time="0.115"><skipped type="pytest.skip" message="No PROPUESTO records available for testing">/app/backend/tests/test_responsabilidad_aprobaciones.py:167: No PROPUESTO records available for testing</skipped></testcase><testcase classname="tests.test_responsabilidad_aprobaciones.TestTransicionPropuestoRechazado" name="test_rechazar_desde_propuesto" time="0.102"><skipped type="pytest.skip" message="No PROPUESTO records available for testing">/app/backend/tests/test_responsabilidad_aprobaciones.py:214: No PROPUESTO records available for testing</skipped></testcase><testcase classname="tests.test_responsabilidad_aprobaciones.TestTransicionPropuestoExonerado" name="test_exonerar_desde_propuesto" time="0.111"><skipped type="pytest.skip" message="No PROPUESTO records available for testing">/app/backend/tests/test_responsabilidad_aprobaciones.py:250: No PROPUESTO records available for testing</skipped></testcase><testcase classname="tests.test_responsabilidad_aprobaciones.TestTransicionPropuestoEnDisputa" name="test_disputar_desde_propuesto" time="0.103"><skipped type="pytest.skip" message="No PROPUESTO records available for testing">/app/backend/tests/test_responsabilidad_aprobaciones.py:286: No PROPUESTO records available for testing</skipped></testcase><testcase classname="tests.test_responsabilidad_aprobaciones.TestTransicionEnDisputaPropuesto" name="test_resolver_disputa" time="0.102"><skipped type="pytest.skip" message="No EN_DISPUTA records available for testing">/app/backend/tests/test_responsabilidad_aprobaciones.py:321: No EN_DISPUTA records available for testing</skipped></testcase><testcase classname="tests.test_responsabilidad_aprobaciones.TestTransicionEnDisputaExonerado" name="test_exonerar_desde_disputa" time="0.101"><skipped type="pytest.skip" message="No EN_DISPUTA records available for testing">/app/backend/tests/test_responsabilidad_aprobaciones.py:356: No EN_DISPUTA records available for testing</skipped></testcase><testcase classname="tests.test_responsabilidad_aprobaciones.TestValidacionPermisosPorMonto" name="test_supervisor_limite_500" time="0.104"><skipped type="pytest.skip" message="No PROPUESTO records with monto &gt; 500 available">/app/backend/tests/test_responsabilidad_aprobaciones.py:392: No PROPUESTO records with monto &gt; 500 available</skipped></testcase><testcase classname="tests.test_responsabilidad_aprobaciones.TestValidacionPermisosPorMonto" name="test_gerente_ops_limite_2000" time="0.138"><skipped type="pytest.skip" message="No PROPUESTO records with 500 &lt; monto &lt;= 2000 available">/app/backend/tests/test_responsabilidad_aprobaciones.py:418: No PROPUESTO records with 500 &lt; monto &lt;= 2000 available</skipped></testcase><testcase classname="tests.test_responsabilidad_aprobaciones.TestValidacionPermisosPorMonto" name="test_direccion_sin_limite" time="0.102"><skipped type="pytest.skip" message="No PROPUESTO records available">/app/backend/tests/test_responsabilidad_aprobaciones.py:444: No PROPUESTO records available</skipped></testcase><testcase classname="tests.test_responsabilidad_aprobaciones.TestHistorialTransiciones" name="test_historial_endpoint" time="0.219" /><testcase classname="tests.test_responsabilidad_aprobaciones.TestHistorialTransiciones" name="test_historial_contiene_transiciones" time="0.215" /><testcase classname="tests.test_responsabilidad_aprobaciones.TestTransicionesInvalidas" name="test_aprobar_desde_calculado_invalido" time="0.109"><skipped type="pytest.skip" message="No CALCULADO records available">/app/backend/tests/test_responsabilidad_aprobaciones.py:535: No CALCULADO records available</skipped></testcase><testcase classname="tests.test_responsabilidad_aprobaciones.TestTransicionesInvalidas" name="test_disputar_desde_calculado_invalido" time="0.105"><skipped type="pytest.skip" message="No CALCULADO records available">/app/backend/tests/test_responsabilidad_aprobaciones.py:559: No CALCULADO records available</skipped></testcase><testcase classname="tests.test_responsabilidad_aprobaciones.TestTransicionesInvalidas" name="test_proponer_desde_aprobado_invalido" time="0.223" /><testcase classname="tests.test_responsabilidad_aprobaciones.TestAprobadoNoCierraWorkflow" name="test_aprobado_mantiene_workflow_en_revision" time="0.211"><skipped type="pytest.skip" message="Could not fetch workflow">/app/backend/tests/test_responsabilidad_aprobaciones.py:627: Could not fetch workflow</skipped></testcase><testcase classname="tests.test_responsabilidad_aprobaciones.TestNoRegresion" name="test_dashboard_kpis_working" time="0.100" /><testcase classname="tests.test_responsabilidad_aprobaciones.TestNoRegresion" name="test_auth_login_working" time="0.370" /><testcase classname="tests.test_responsabilidad_aprobaciones.TestNoRegresion" name="test_responsabilidad_list_working" time="0.113" /><testcase classname="tests.test_responsabilidad_aprobaciones.TestResponsabilidadNoEncontrada" name="test_proponer_no_encontrada" time="0.118" /><testcase classname="tests.test_responsabilidad_aprobaciones.TestResponsabilidadNoEncontrada" name="test_historial_no_encontrada" time="0.106" /></testsuite></testsuites>