<?xml version="1.0" encoding="utf-8"?><testsuites name="pytest tests"><testsuite name="pytest" errors="0" failures="0" skipped="0" tests="20" time="12.082" timestamp="2026-04-07T17:06:58.734875+00:00" hostname="agent-env-1c12738f-7f5f-4886-9b53-56c8e8e16cc2"><testcase classname="backend.tests.test_sistema_tareas.TestAuth" name="test_admin_login" time="0.438" /><testcase classname="backend.tests.test_sistema_tareas.TestAuth" name="test_supervisor_login" time="0.353" /><testcase classname="backend.tests.test_sistema_tareas.TestCatalogosDisponibles" name="test_get_catalogos_disponibles_returns_9_catalogos" time="0.475" /><testcase classname="backend.tests.test_sistema_tareas.TestCatalogosDisponibles" name="test_catalogos_have_required_fields" time="0.503" /><testcase classname="backend.tests.test_sistema_tareas.TestMisTareas" name="test_get_mis_tareas_admin" time="0.560" /><testcase classname="backend.tests.test_sistema_tareas.TestMisTareas" name="test_get_mis_tareas_supervisor" time="0.498" /><testcase classname="backend.tests.test_sistema_tareas.TestMisPermisosCatalogos" name="test_admin_has_all_permissions" time="0.548" /><testcase classname="backend.tests.test_sistema_tareas.TestMisPermisosCatalogos" name="test_supervisor_can_approve" time="0.433" /><testcase classname="backend.tests.test_sistema_tareas.TestPermisosCatalogos" name="test_assign_permissions_requires_supervisor_or_admin" time="1.070" /><testcase classname="backend.tests.test_sistema_tareas.TestUsuariosAsignables" name="test_get_usuarios_asignables_admin" time="0.479" /><testcase classname="backend.tests.test_sistema_tareas.TestUsuariosAsignables" name="test_get_usuarios_asignables_supervisor" time="0.579" /><testcase classname="backend.tests.test_sistema_tareas.TestSolicitudesCRUD" name="test_create_solicitud_admin" time="0.471" /><testcase classname="backend.tests.test_sistema_tareas.TestSolicitudesCRUD" name="test_list_solicitudes_admin" time="0.465" /><testcase classname="backend.tests.test_sistema_tareas.TestSolicitudesCRUD" name="test_list_solicitudes_pendientes" time="0.457" /><testcase classname="backend.tests.test_sistema_tareas.TestSolicitudesCRUD" name="test_get_solicitud_detail" time="0.609" /><testcase classname="backend.tests.test_sistema_tareas.TestAprobacionConFirma" name="test_aprobar_solicitud_with_correct_password" time="1.416" /><testcase classname="backend.tests.test_sistema_tareas.TestAprobacionConFirma" name="test_aprobar_solicitud_with_wrong_password" time="0.902" /><testcase classname="backend.tests.test_sistema_tareas.TestAprobacionConFirma" name="test_supervisor_can_approve" time="0.474" /><testcase classname="backend.tests.test_sistema_tareas.TestRechazarSolicitud" name="test_rechazar_solicitud" time="0.717" /><testcase classname="backend.tests.test_sistema_tareas.TestTareasMarcarLeida" name="test_marcar_tarea_leida" time="0.548" /></testsuite></testsuites>