<?xml version="1.0" encoding="utf-8"?><testsuites name="pytest tests"><testsuite name="pytest" errors="0" failures="0" skipped="0" tests="9" time="2.928" timestamp="2026-03-12T02:17:49.518990+00:00" hostname="agent-env-1c12738f-7f5f-4886-9b53-56c8e8e16cc2"><testcase classname="backend.tests.test_sucursales_permissions.TestLoginFunctionality" name="test_admin_login_success" time="0.443" /><testcase classname="backend.tests.test_sucursales_permissions.TestLoginFunctionality" name="test_test_user_login_success" time="0.336" /><testcase classname="backend.tests.test_sucursales_permissions.TestSucursalesFiltering" name="test_admin_sees_all_sucursales" time="0.599" /><testcase classname="backend.tests.test_sucursales_permissions.TestSucursalesFiltering" name="test_restricted_user_sees_only_assigned_sucursales" time="0.618" /><testcase classname="backend.tests.test_sucursales_permissions.TestPermissionsEndpoint" name="test_update_permissions_with_allowed_sucursales" time="0.232" /><testcase classname="backend.tests.test_sucursales_permissions.TestUsuariosPage" name="test_users_list_returns_data" time="0.133" /><testcase classname="backend.tests.test_sucursales_permissions.TestExcelExport" name="test_excel_export_generates_file" time="0.111" /><testcase classname="backend.tests.test_sucursales_permissions.TestExcelExport" name="test_excel_with_empty_data_returns_empty" time="0.117" /><testcase classname="backend.tests.test_sucursales_permissions.TestSucursalesInfo" name="test_sucursales_0021_and_0022_exist" time="0.284" /></testsuite></testsuites>