<?xml version="1.0" encoding="utf-8"?><testsuites name="pytest tests"><testsuite name="pytest" errors="0" failures="0" skipped="0" tests="22" time="3.717" timestamp="2026-04-18T20:43:25.697445+00:00" hostname="agent-env-1c12738f-7f5f-4886-9b53-56c8e8e16cc2"><testcase classname="tests.test_scheduler_ui.TestSchedulerStatusEndpoint" name="test_admin_can_get_status" time="0.639" /><testcase classname="tests.test_scheduler_ui.TestSchedulerStatusEndpoint" name="test_operador_cannot_get_status" time="0.447" /><testcase classname="tests.test_scheduler_ui.TestSchedulerConfigEndpoint" name="test_admin_can_get_config" time="0.124" /><testcase classname="tests.test_scheduler_ui.TestSchedulerConfigEndpoint" name="test_operador_cannot_get_config" time="0.118" /><testcase classname="tests.test_scheduler_ui.TestSchedulerLogsEndpoint" name="test_admin_can_get_logs" time="0.119" /><testcase classname="tests.test_scheduler_ui.TestSchedulerLogsEndpoint" name="test_admin_can_filter_logs_by_job" time="0.136" /><testcase classname="tests.test_scheduler_ui.TestSchedulerLogsEndpoint" name="test_admin_can_filter_logs_by_status" time="0.153" /><testcase classname="tests.test_scheduler_ui.TestSchedulerLogsEndpoint" name="test_operador_cannot_get_logs" time="0.130" /><testcase classname="tests.test_scheduler_ui.TestSchedulerStatsEndpoint" name="test_admin_can_get_stats" time="0.134" /><testcase classname="tests.test_scheduler_ui.TestSchedulerStatsEndpoint" name="test_operador_cannot_get_stats" time="0.125" /><testcase classname="tests.test_scheduler_ui.TestSchedulerPauseResumeEndpoints" name="test_admin_can_pause_job" time="0.118" /><testcase classname="tests.test_scheduler_ui.TestSchedulerPauseResumeEndpoints" name="test_admin_can_resume_job" time="0.153" /><testcase classname="tests.test_scheduler_ui.TestSchedulerPauseResumeEndpoints" name="test_operador_cannot_pause_job" time="0.132" /><testcase classname="tests.test_scheduler_ui.TestSchedulerPauseResumeEndpoints" name="test_operador_cannot_resume_job" time="0.122" /><testcase classname="tests.test_scheduler_ui.TestSchedulerRunEndpoint" name="test_admin_can_run_job" time="0.184" /><testcase classname="tests.test_scheduler_ui.TestSchedulerRunEndpoint" name="test_operador_cannot_run_job" time="0.122" /><testcase classname="tests.test_scheduler_ui.TestSchedulerRunEndpoint" name="test_run_unknown_job_returns_error" time="0.123" /><testcase classname="tests.test_scheduler_ui.TestSchedulerNoAuth" name="test_status_without_token_returns_401" time="0.116" /><testcase classname="tests.test_scheduler_ui.TestSchedulerNoAuth" name="test_config_without_token_returns_401" time="0.100" /><testcase classname="tests.test_scheduler_ui.TestSchedulerNoAuth" name="test_logs_without_token_returns_401" time="0.102" /><testcase classname="tests.test_scheduler_ui.TestSchedulerNoAuth" name="test_pause_without_token_returns_401" time="0.130" /><testcase classname="tests.test_scheduler_ui.TestSchedulerNoAuth" name="test_run_without_token_returns_401" time="0.107" /></testsuite></testsuites>