<?xml version="1.0" encoding="utf-8"?><testsuites name="pytest tests"><testsuite name="pytest" errors="0" failures="0" skipped="0" tests="8" time="3.334" timestamp="2026-03-12T05:09:16.705805+00:00" hostname="agent-env-1c12738f-7f5f-4886-9b53-56c8e8e16cc2"><testcase classname="backend.tests.test_permissions_v5.TestLogin" name="test_admin_login_success" time="0.374" /><testcase classname="backend.tests.test_permissions_v5.TestLogin" name="test_noxte_login_success" time="0.331" /><testcase classname="backend.tests.test_permissions_v5.TestLogin" name="test_invalid_login" time="0.109" /><testcase classname="backend.tests.test_permissions_v5.TestServerPermissions" name="test_admin_sees_3_servers" time="0.433" /><testcase classname="backend.tests.test_permissions_v5.TestServerPermissions" name="test_noxte_sees_only_1_server" time="0.436" /><testcase classname="backend.tests.test_permissions_v5.TestUsersEndpoint" name="test_get_users_requires_admin" time="0.470" /><testcase classname="backend.tests.test_permissions_v5.TestSucursalesPermissions" name="test_get_sucursales_for_managmentpro" time="0.608" /><testcase classname="backend.tests.test_permissions_v5.TestPermissionsUpdate" name="test_update_user_permissions_requires_admin" time="0.525" /></testsuite></testsuites>