<?xml version="1.0" encoding="utf-8"?><testsuites name="pytest tests"><testsuite name="pytest" errors="0" failures="0" skipped="0" tests="20" time="5.845" timestamp="2026-04-17T08:55:44.225855+00:00" hostname="agent-env-1c12738f-7f5f-4886-9b53-56c8e8e16cc2"><testcase classname="tests.test_responsabilidad_aprobaciones_v2.TestEndpointsBasicos" name="test_pendientes_aprobacion_endpoint" time="0.268" /><testcase classname="tests.test_responsabilidad_aprobaciones_v2.TestEndpointsBasicos" name="test_en_disputa_endpoint" time="0.117" /><testcase classname="tests.test_responsabilidad_aprobaciones_v2.TestComentarioValidacion" name="test_comentario_menor_10_caracteres_rechazado" time="0.232" /><testcase classname="tests.test_responsabilidad_aprobaciones_v2.TestComentarioValidacion" name="test_comentario_trivial_rechazado" time="0.211" /><testcase classname="tests.test_responsabilidad_aprobaciones_v2.TestFlujoCalculadoPropuesto" name="test_proponer_desde_calculado_monto_bajo" time="0.217" /><testcase classname="tests.test_responsabilidad_aprobaciones_v2.TestFlujoCalculadoPropuesto" name="test_proponer_desde_calculado_monto_alto_requiere_gerente" time="0.354" /><testcase classname="tests.test_responsabilidad_aprobaciones_v2.TestFlujoPropuestoAprobado" name="test_aprobar_desde_propuesto" time="0.332" /><testcase classname="tests.test_responsabilidad_aprobaciones_v2.TestFlujoPropuestoRechazado" name="test_rechazar_desde_propuesto" time="0.364" /><testcase classname="tests.test_responsabilidad_aprobaciones_v2.TestFlujoPropuestoExonerado" name="test_exonerar_desde_propuesto" time="0.339" /><testcase classname="tests.test_responsabilidad_aprobaciones_v2.TestFlujoDisputa" name="test_disputar_desde_propuesto" time="0.326" /><testcase classname="tests.test_responsabilidad_aprobaciones_v2.TestFlujoDisputa" name="test_resolver_disputa" time="0.433" /><testcase classname="tests.test_responsabilidad_aprobaciones_v2.TestFlujoDisputa" name="test_exonerar_desde_disputa" time="0.448" /><testcase classname="tests.test_responsabilidad_aprobaciones_v2.TestValidacionPermisos" name="test_supervisor_limite_500" time="0.314" /><testcase classname="tests.test_responsabilidad_aprobaciones_v2.TestHistorial" name="test_historial_registra_transiciones" time="0.624" /><testcase classname="tests.test_responsabilidad_aprobaciones_v2.TestTransicionesInvalidas" name="test_aprobar_desde_calculado_invalido" time="0.210" /><testcase classname="tests.test_responsabilidad_aprobaciones_v2.TestTransicionesInvalidas" name="test_disputar_desde_calculado_invalido" time="0.245" /><testcase classname="tests.test_responsabilidad_aprobaciones_v2.TestNoRegresion" name="test_dashboard_kpis_working" time="0.138" /><testcase classname="tests.test_responsabilidad_aprobaciones_v2.TestNoRegresion" name="test_auth_login_working" time="0.380" /><testcase classname="tests.test_responsabilidad_aprobaciones_v2.TestResponsabilidadNoEncontrada" name="test_proponer_no_encontrada" time="0.106" /><testcase classname="tests.test_responsabilidad_aprobaciones_v2.TestResponsabilidadNoEncontrada" name="test_historial_no_encontrada" time="0.106" /></testsuite></testsuites>