<?xml version="1.0" encoding="utf-8"?><testsuites name="pytest tests"><testsuite name="pytest" errors="0" failures="0" skipped="0" tests="48" time="6.487" timestamp="2026-04-17T09:42:50.397029+00:00" hostname="agent-env-1c12738f-7f5f-4886-9b53-56c8e8e16cc2"><testcase classname="tests.test_notificaciones_whatsapp.TestNotificationSystemHealth" name="test_config_endpoint_accessible" time="0.260" /><testcase classname="tests.test_notificaciones_whatsapp.TestNotificationSystemHealth" name="test_templates_endpoint_accessible" time="0.112" /><testcase classname="tests.test_notificaciones_whatsapp.TestNotificationSystemHealth" name="test_log_endpoint_accessible" time="0.108" /><testcase classname="tests.test_notificaciones_whatsapp.TestNotificationSystemHealth" name="test_stats_endpoint_accessible" time="0.104" /><testcase classname="tests.test_notificaciones_whatsapp.TestNotificationSystemHealth" name="test_queue_status_endpoint_accessible" time="0.114" /><testcase classname="tests.test_notificaciones_whatsapp.TestNotificationSystemHealth" name="test_providers_endpoint_accessible" time="0.124" /><testcase classname="tests.test_notificaciones_whatsapp.TestNotificationConfigs" name="test_list_configs_with_filter_modulo" time="0.104" /><testcase classname="tests.test_notificaciones_whatsapp.TestNotificationConfigs" name="test_list_configs_with_filter_canal" time="0.118" /><testcase classname="tests.test_notificaciones_whatsapp.TestNotificationConfigs" name="test_list_configs_with_filter_activo" time="0.110" /><testcase classname="tests.test_notificaciones_whatsapp.TestNotificationConfigs" name="test_get_config_by_id" time="0.216" /><testcase classname="tests.test_notificaciones_whatsapp.TestNotificationConfigs" name="test_get_config_not_found" time="0.110" /><testcase classname="tests.test_notificaciones_whatsapp.TestNotificationConfigs" name="test_create_config" time="0.204" /><testcase classname="tests.test_notificaciones_whatsapp.TestNotificationConfigs" name="test_create_config_duplicate_rejected" time="0.111" /><testcase classname="tests.test_notificaciones_whatsapp.TestNotificationConfigs" name="test_update_config" time="0.306" /><testcase classname="tests.test_notificaciones_whatsapp.TestNotificationConfigs" name="test_update_config_not_found" time="0.103" /><testcase classname="tests.test_notificaciones_whatsapp.TestNotificationConfigs" name="test_update_config_empty_payload_rejected" time="0.219" /><testcase classname="tests.test_notificaciones_whatsapp.TestNotificationTemplates" name="test_list_templates_with_filter_canal" time="0.111" /><testcase classname="tests.test_notificaciones_whatsapp.TestNotificationTemplates" name="test_list_templates_with_filter_activo" time="0.114" /><testcase classname="tests.test_notificaciones_whatsapp.TestNotificationTemplates" name="test_get_template_by_id" time="0.218" /><testcase classname="tests.test_notificaciones_whatsapp.TestNotificationTemplates" name="test_get_template_not_found" time="0.103" /><testcase classname="tests.test_notificaciones_whatsapp.TestNotificationTemplates" name="test_create_template" time="0.109" /><testcase classname="tests.test_notificaciones_whatsapp.TestNotificationTemplates" name="test_create_template_duplicate_rejected" time="0.115" /><testcase classname="tests.test_notificaciones_whatsapp.TestNotificationTemplates" name="test_update_template" time="0.326" /><testcase classname="tests.test_notificaciones_whatsapp.TestNotificationTemplates" name="test_update_template_not_found" time="0.101" /><testcase classname="tests.test_notificaciones_whatsapp.TestNotificationTemplates" name="test_template_has_required_fields" time="0.114" /><testcase classname="tests.test_notificaciones_whatsapp.TestNotificationTest" name="test_send_test_notification_valid_phone_e164" time="0.101" /><testcase classname="tests.test_notificaciones_whatsapp.TestNotificationTest" name="test_send_test_notification_phone_without_plus" time="0.107" /><testcase classname="tests.test_notificaciones_whatsapp.TestNotificationTest" name="test_send_test_notification_10_digit_phone" time="0.110" /><testcase classname="tests.test_notificaciones_whatsapp.TestNotificationTest" name="test_send_test_notification_invalid_phone_rejected" time="0.105" /><testcase classname="tests.test_notificaciones_whatsapp.TestNotificationTest" name="test_send_test_notification_template_not_found" time="0.108" /><testcase classname="tests.test_notificaciones_whatsapp.TestNotificationTest" name="test_template_interpolation_all_variables" time="0.112" /><testcase classname="tests.test_notificaciones_whatsapp.TestNotificationTest" name="test_template_interpolation_missing_variable_shows_placeholder" time="0.107" /><testcase classname="tests.test_notificaciones_whatsapp.TestNotificationLogs" name="test_log_endpoint_returns_data" time="0.111" /><testcase classname="tests.test_notificaciones_whatsapp.TestNotificationLogs" name="test_log_filter_by_workflow" time="0.105" /><testcase classname="tests.test_notificaciones_whatsapp.TestNotificationLogs" name="test_log_filter_by_tipo_evento" time="0.104" /><testcase classname="tests.test_notificaciones_whatsapp.TestNotificationQueue" name="test_queue_status_structure" time="0.102" /><testcase classname="tests.test_notificaciones_whatsapp.TestNotificationQueue" name="test_reprocesar_queue" time="0.126" /><testcase classname="tests.test_notificaciones_whatsapp.TestNotificationStats" name="test_stats_structure" time="0.121" /><testcase classname="tests.test_notificaciones_whatsapp.TestNotificationStats" name="test_stats_filter_by_modulo" time="0.112" /><testcase classname="tests.test_notificaciones_whatsapp.TestNotificationInitialize" name="test_initialize_idempotent" time="0.229" /><testcase classname="tests.test_notificaciones_whatsapp.TestSeededData" name="test_seeded_configs_have_correct_events" time="0.116" /><testcase classname="tests.test_notificaciones_whatsapp.TestSeededData" name="test_seeded_templates_have_correct_codes" time="0.106" /><testcase classname="tests.test_notificaciones_whatsapp.TestSeededData" name="test_mock_provider_configured" time="0.106" /><testcase classname="tests.test_notificaciones_whatsapp.TestPhoneValidation" name="test_valid_e164_format" time="0.120" /><testcase classname="tests.test_notificaciones_whatsapp.TestPhoneValidation" name="test_valid_12_digit_without_plus" time="0.099" /><testcase classname="tests.test_notificaciones_whatsapp.TestPhoneValidation" name="test_valid_10_digit_assumes_mexico" time="0.108" /><testcase classname="tests.test_notificaciones_whatsapp.TestPhoneValidation" name="test_invalid_too_short" time="0.109" /><testcase classname="tests.test_notificaciones_whatsapp.TestPhoneValidation" name="test_invalid_empty" time="0.108" /></testsuite></testsuites>