<?xml version="1.0" encoding="utf-8"?><testsuites name="pytest tests"><testsuite name="pytest" errors="0" failures="0" skipped="0" tests="11" time="7.198" timestamp="2026-04-07T16:36:26.064143+00:00" hostname="agent-env-1c12738f-7f5f-4886-9b53-56c8e8e16cc2"><testcase classname="tests.test_catalogos_rrhh.TestCatalogosRRHHAuth" name="test_admin_login" time="2.314" /><testcase classname="tests.test_catalogos_rrhh.TestCatalogosRRHHAuth" name="test_supervisor_login" time="0.336" /><testcase classname="tests.test_catalogos_rrhh.TestCatalogosPuestos" name="test_get_puestos_returns_list" time="0.611" /><testcase classname="tests.test_catalogos_rrhh.TestCatalogosPuestos" name="test_get_puestos_requires_auth" time="0.159" /><testcase classname="tests.test_catalogos_rrhh.TestCatalogosTiposIncidencias" name="test_get_tipos_incidencias_returns_list" time="0.978" /><testcase classname="tests.test_catalogos_rrhh.TestCatalogosTiposIncidencias" name="test_get_tipos_incidencias_requires_auth" time="0.151" /><testcase classname="tests.test_catalogos_rrhh.TestScriptInicializacion" name="test_get_script_returns_sql" time="0.563" /><testcase classname="tests.test_catalogos_rrhh.TestPermissionControl" name="test_admin_can_create_puesto" time="0.479" /><testcase classname="tests.test_catalogos_rrhh.TestPermissionControl" name="test_supervisor_cannot_create_puesto" time="0.516" /><testcase classname="tests.test_catalogos_rrhh.TestPermissionControl" name="test_admin_can_create_tipo_incidencia" time="0.522" /><testcase classname="tests.test_catalogos_rrhh.TestPermissionControl" name="test_supervisor_cannot_create_tipo_incidencia" time="0.457" /></testsuite></testsuites>