<?xml version="1.0" encoding="utf-8"?><testsuites name="pytest tests"><testsuite name="pytest" errors="0" failures="0" skipped="16" tests="37" time="8.046" timestamp="2026-04-17T10:50:27.614500+00:00" hostname="agent-env-1c12738f-7f5f-4886-9b53-56c8e8e16cc2"><testcase classname="tests.test_cargos_economicos.TestCargosBasicEndpoints" name="test_listar_cargos_empty" time="0.134" /><testcase classname="tests.test_cargos_economicos.TestCargosBasicEndpoints" name="test_metricas_cargos" time="0.100" /><testcase classname="tests.test_cargos_economicos.TestCargosBasicEndpoints" name="test_cargos_pendientes" time="0.116" /><testcase classname="tests.test_cargos_economicos.TestCargosBasicEndpoints" name="test_cargos_aplicados" time="0.108" /><testcase classname="tests.test_cargos_economicos.TestElegibilidad" name="test_elegibilidad_responsabilidad_no_existe" time="0.116" /><testcase classname="tests.test_cargos_economicos.TestElegibilidad" name="test_elegibilidad_responsabilidad_calculado" time="0.282" /><testcase classname="tests.test_cargos_economicos.TestElegibilidad" name="test_elegibilidad_responsabilidad_propuesto" time="0.130"><skipped type="pytest.skip" message="No PROPUESTO responsibilities found">/app/backend/tests/test_cargos_economicos.py:136: No PROPUESTO responsibilities found</skipped></testcase><testcase classname="tests.test_cargos_economicos.TestElegibilidad" name="test_elegibilidad_responsabilidad_exonerado" time="0.210" /><testcase classname="tests.test_cargos_economicos.TestCrearCargoValidaciones" name="test_crear_cargo_responsabilidad_no_existe" time="0.111" /><testcase classname="tests.test_cargos_economicos.TestCrearCargoValidaciones" name="test_crear_cargo_comentario_muy_corto" time="0.109" /><testcase classname="tests.test_cargos_economicos.TestCrearCargoValidaciones" name="test_crear_cargo_comentario_trivial" time="0.117" /><testcase classname="tests.test_cargos_economicos.TestCargoNoEncontrado" name="test_obtener_cargo_no_existe" time="0.111" /><testcase classname="tests.test_cargos_economicos.TestCargoNoEncontrado" name="test_obtener_log_cargo_no_existe" time="0.130" /><testcase classname="tests.test_cargos_economicos.TestCargoNoEncontrado" name="test_autorizar_cargo_no_existe" time="0.102" /><testcase classname="tests.test_cargos_economicos.TestCargoNoEncontrado" name="test_aplicar_cargo_no_existe" time="0.112" /><testcase classname="tests.test_cargos_economicos.TestCargoNoEncontrado" name="test_rechazar_cargo_no_existe" time="0.109" /><testcase classname="tests.test_cargos_economicos.TestCargoNoEncontrado" name="test_revertir_cargo_no_existe" time="0.126" /><testcase classname="tests.test_cargos_economicos.TestCargoNoEncontrado" name="test_cancelar_cargo_no_existe" time="0.108" /><testcase classname="tests.test_cargos_economicos.TestCicloCompletoCargo" name="test_01_elegibilidad_responsabilidad_aprobada" time="0.328"><skipped type="pytest.skip" message="Could not calculate responsibility: {&quot;detail&quot;:[{&quot;type&quot;:&quot;missing&quot;,&quot;loc&quot;:[&quot;query&quot;,&quot;usuario_id&quot;],&quot;msg&quot;:&quot;Field required&quot;,&quot;input&quot;:null,&quot;url&quot;:&quot;https://errors.pydantic.dev/2.12/v/missing&quot;}]}">/app/backend/tests/test_cargos_economicos.py:377: Could not calculate responsibility: {"detail":[{"type":"missing","loc":["query","usuario_id"],"msg":"Field required","input":null,"url":"https://errors.pydantic.dev/2.12/v/missing"}]}</skipped></testcase><testcase classname="tests.test_cargos_economicos.TestCicloCompletoCargo" name="test_02_crear_propuesta_cargo" time="0.314"><skipped type="pytest.skip" message="Could not calculate responsibility: {&quot;detail&quot;:[{&quot;type&quot;:&quot;missing&quot;,&quot;loc&quot;:[&quot;query&quot;,&quot;usuario_id&quot;],&quot;msg&quot;:&quot;Field required&quot;,&quot;input&quot;:null,&quot;url&quot;:&quot;https://errors.pydantic.dev/2.12/v/missing&quot;}]}">/app/backend/tests/test_cargos_economicos.py:393: Could not calculate responsibility: {"detail":[{"type":"missing","loc":["query","usuario_id"],"msg":"Field required","input":null,"url":"https://errors.pydantic.dev/2.12/v/missing"}]}</skipped></testcase><testcase classname="tests.test_cargos_economicos.TestCicloCompletoCargo" name="test_03_obtener_cargo_creado" time="0.330"><skipped type="pytest.skip" message="Could not calculate responsibility: {&quot;detail&quot;:[{&quot;type&quot;:&quot;missing&quot;,&quot;loc&quot;:[&quot;query&quot;,&quot;usuario_id&quot;],&quot;msg&quot;:&quot;Field required&quot;,&quot;input&quot;:null,&quot;url&quot;:&quot;https://errors.pydantic.dev/2.12/v/missing&quot;}]}">/app/backend/tests/test_cargos_economicos.py:426: Could not calculate responsibility: {"detail":[{"type":"missing","loc":["query","usuario_id"],"msg":"Field required","input":null,"url":"https://errors.pydantic.dev/2.12/v/missing"}]}</skipped></testcase><testcase classname="tests.test_cargos_economicos.TestCicloCompletoCargo" name="test_04_obtener_log_cargo" time="0.319"><skipped type="pytest.skip" message="Could not calculate responsibility: {&quot;detail&quot;:[{&quot;type&quot;:&quot;missing&quot;,&quot;loc&quot;:[&quot;query&quot;,&quot;usuario_id&quot;],&quot;msg&quot;:&quot;Field required&quot;,&quot;input&quot;:null,&quot;url&quot;:&quot;https://errors.pydantic.dev/2.12/v/missing&quot;}]}">/app/backend/tests/test_cargos_economicos.py:442: Could not calculate responsibility: {"detail":[{"type":"missing","loc":["query","usuario_id"],"msg":"Field required","input":null,"url":"https://errors.pydantic.dev/2.12/v/missing"}]}</skipped></testcase><testcase classname="tests.test_cargos_economicos.TestCicloCompletoCargo" name="test_05_cargo_aparece_en_pendientes" time="0.313"><skipped type="pytest.skip" message="Could not calculate responsibility: {&quot;detail&quot;:[{&quot;type&quot;:&quot;missing&quot;,&quot;loc&quot;:[&quot;query&quot;,&quot;usuario_id&quot;],&quot;msg&quot;:&quot;Field required&quot;,&quot;input&quot;:null,&quot;url&quot;:&quot;https://errors.pydantic.dev/2.12/v/missing&quot;}]}">/app/backend/tests/test_cargos_economicos.py:462: Could not calculate responsibility: {"detail":[{"type":"missing","loc":["query","usuario_id"],"msg":"Field required","input":null,"url":"https://errors.pydantic.dev/2.12/v/missing"}]}</skipped></testcase><testcase classname="tests.test_cargos_economicos.TestCicloCompletoCargo" name="test_06_autorizar_cargo" time="0.304"><skipped type="pytest.skip" message="Could not calculate responsibility: {&quot;detail&quot;:[{&quot;type&quot;:&quot;missing&quot;,&quot;loc&quot;:[&quot;query&quot;,&quot;usuario_id&quot;],&quot;msg&quot;:&quot;Field required&quot;,&quot;input&quot;:null,&quot;url&quot;:&quot;https://errors.pydantic.dev/2.12/v/missing&quot;}]}">/app/backend/tests/test_cargos_economicos.py:477: Could not calculate responsibility: {"detail":[{"type":"missing","loc":["query","usuario_id"],"msg":"Field required","input":null,"url":"https://errors.pydantic.dev/2.12/v/missing"}]}</skipped></testcase><testcase classname="tests.test_cargos_economicos.TestCicloCompletoCargo" name="test_07_aplicar_cargo" time="0.386"><skipped type="pytest.skip" message="Could not calculate responsibility: {&quot;detail&quot;:[{&quot;type&quot;:&quot;missing&quot;,&quot;loc&quot;:[&quot;query&quot;,&quot;usuario_id&quot;],&quot;msg&quot;:&quot;Field required&quot;,&quot;input&quot;:null,&quot;url&quot;:&quot;https://errors.pydantic.dev/2.12/v/missing&quot;}]}">/app/backend/tests/test_cargos_economicos.py:500: Could not calculate responsibility: {"detail":[{"type":"missing","loc":["query","usuario_id"],"msg":"Field required","input":null,"url":"https://errors.pydantic.dev/2.12/v/missing"}]}</skipped></testcase><testcase classname="tests.test_cargos_economicos.TestCicloCompletoCargo" name="test_08_cargo_aparece_en_aplicados" time="0.334"><skipped type="pytest.skip" message="Could not calculate responsibility: {&quot;detail&quot;:[{&quot;type&quot;:&quot;missing&quot;,&quot;loc&quot;:[&quot;query&quot;,&quot;usuario_id&quot;],&quot;msg&quot;:&quot;Field required&quot;,&quot;input&quot;:null,&quot;url&quot;:&quot;https://errors.pydantic.dev/2.12/v/missing&quot;}]}">/app/backend/tests/test_cargos_economicos.py:523: Could not calculate responsibility: {"detail":[{"type":"missing","loc":["query","usuario_id"],"msg":"Field required","input":null,"url":"https://errors.pydantic.dev/2.12/v/missing"}]}</skipped></testcase><testcase classname="tests.test_cargos_economicos.TestCicloCompletoCargo" name="test_09_revertir_cargo_aplicado" time="0.569"><skipped type="pytest.skip" message="Could not calculate responsibility: {&quot;detail&quot;:[{&quot;type&quot;:&quot;missing&quot;,&quot;loc&quot;:[&quot;query&quot;,&quot;usuario_id&quot;],&quot;msg&quot;:&quot;Field required&quot;,&quot;input&quot;:null,&quot;url&quot;:&quot;https://errors.pydantic.dev/2.12/v/missing&quot;}]}">/app/backend/tests/test_cargos_economicos.py:538: Could not calculate responsibility: {"detail":[{"type":"missing","loc":["query","usuario_id"],"msg":"Field required","input":null,"url":"https://errors.pydantic.dev/2.12/v/missing"}]}</skipped></testcase><testcase classname="tests.test_cargos_economicos.TestCicloCompletoCargo" name="test_10_verificar_log_completo" time="0.313"><skipped type="pytest.skip" message="Could not calculate responsibility: {&quot;detail&quot;:[{&quot;type&quot;:&quot;missing&quot;,&quot;loc&quot;:[&quot;query&quot;,&quot;usuario_id&quot;],&quot;msg&quot;:&quot;Field required&quot;,&quot;input&quot;:null,&quot;url&quot;:&quot;https://errors.pydantic.dev/2.12/v/missing&quot;}]}">/app/backend/tests/test_cargos_economicos.py:561: Could not calculate responsibility: {"detail":[{"type":"missing","loc":["query","usuario_id"],"msg":"Field required","input":null,"url":"https://errors.pydantic.dev/2.12/v/missing"}]}</skipped></testcase><testcase classname="tests.test_cargos_economicos.TestTransicionesInvalidas" name="test_aplicar_cargo_pendiente_directo" time="0.218"><skipped type="pytest.skip" message="Could not create test cargo for transition tests">/app/backend/tests/test_cargos_economicos.py:619: Could not create test cargo for transition tests</skipped></testcase><testcase classname="tests.test_cargos_economicos.TestTransicionesInvalidas" name="test_revertir_cargo_pendiente" time="0.222"><skipped type="pytest.skip" message="Could not create test cargo for transition tests">/app/backend/tests/test_cargos_economicos.py:631: Could not create test cargo for transition tests</skipped></testcase><testcase classname="tests.test_cargos_economicos.TestPermisosRol" name="test_afectado_no_puede_autorizar" time="0.121"><skipped type="pytest.skip" message="No pending cargos available">/app/backend/tests/test_cargos_economicos.py:664: No pending cargos available</skipped></testcase><testcase classname="tests.test_cargos_economicos.TestPermisosRol" name="test_supervisor_no_puede_revertir" time="0.220" /><testcase classname="tests.test_cargos_economicos.TestFiltrosCargos" name="test_filtrar_por_estatus" time="0.679" /><testcase classname="tests.test_cargos_economicos.TestFiltrosCargos" name="test_filtrar_por_sucursal" time="0.111" /><testcase classname="tests.test_cargos_economicos.TestFiltrosCargos" name="test_paginacion" time="0.119" /><testcase classname="tests.test_cargos_economicos.TestRechazoCargo" name="test_rechazar_cargo_pendiente" time="0.214"><skipped type="pytest.skip" message="Could not create test cargo for rejection test">/app/backend/tests/test_cargos_economicos.py:749: Could not create test cargo for rejection test</skipped></testcase><testcase classname="tests.test_cargos_economicos.TestCancelacionCargo" name="test_cancelar_cargo_pendiente" time="0.226"><skipped type="pytest.skip" message="Could not create test cargo for cancellation test">/app/backend/tests/test_cargos_economicos.py:791: Could not create test cargo for cancellation test</skipped></testcase></testsuite></testsuites>