<?xml version="1.0" encoding="utf-8"?><testsuites name="pytest tests"><testsuite name="pytest" errors="0" failures="0" skipped="0" tests="21" time="9.624" timestamp="2026-04-19T23:34:20.473089+00:00" hostname="agent-env-1c12738f-7f5f-4886-9b53-56c8e8e16cc2"><testcase classname="tests.test_recipients_manager.TestRecipientsManagerCRUD" name="test_list_recipients_returns_200" time="0.474" /><testcase classname="tests.test_recipients_manager.TestRecipientsManagerCRUD" name="test_list_recipients_filter_by_type_email" time="0.428" /><testcase classname="tests.test_recipients_manager.TestRecipientsManagerCRUD" name="test_list_recipients_filter_by_type_whatsapp" time="0.425" /><testcase classname="tests.test_recipients_manager.TestRecipientsManagerCRUD" name="test_list_recipients_requires_auth" time="0.376" /><testcase classname="tests.test_recipients_manager.TestRecipientsManagerCRUD" name="test_create_email_recipient" time="0.506" /><testcase classname="tests.test_recipients_manager.TestRecipientsManagerCRUD" name="test_create_whatsapp_recipient" time="0.497" /><testcase classname="tests.test_recipients_manager.TestRecipientsManagerCRUD" name="test_create_whatsapp_formats_phone_number" time="0.560" /><testcase classname="tests.test_recipients_manager.TestRecipientsManagerCRUD" name="test_create_duplicate_recipient_fails" time="0.538" /><testcase classname="tests.test_recipients_manager.TestRecipientsManagerCRUD" name="test_create_invalid_type_fails" time="0.398" /><testcase classname="tests.test_recipients_manager.TestRecipientsManagerCRUD" name="test_create_empty_destinatario_fails" time="0.382" /><testcase classname="tests.test_recipients_manager.TestRecipientsManagerCRUD" name="test_update_recipient_toggle_active" time="0.656" /><testcase classname="tests.test_recipients_manager.TestRecipientsManagerCRUD" name="test_update_recipient_change_name" time="0.571" /><testcase classname="tests.test_recipients_manager.TestRecipientsManagerCRUD" name="test_update_nonexistent_recipient_fails" time="0.438" /><testcase classname="tests.test_recipients_manager.TestRecipientsManagerCRUD" name="test_delete_recipient" time="0.486" /><testcase classname="tests.test_recipients_manager.TestRecipientsManagerCRUD" name="test_delete_nonexistent_recipient_fails" time="0.394" /><testcase classname="tests.test_recipients_manager.TestRecipientsManagerCRUD" name="test_recipients_summary" time="0.397" /><testcase classname="tests.test_recipients_manager.TestNotificationServicesReadFromMongoDB" name="test_email_config_shows_mongodb_recipients" time="0.404" /><testcase classname="tests.test_recipients_manager.TestNotificationServicesReadFromMongoDB" name="test_whatsapp_config_shows_mongodb_recipients" time="0.381" /><testcase classname="tests.test_recipients_manager.TestNotificationServicesReadFromMongoDB" name="test_notificaciones_config_shows_all_services" time="0.413" /><testcase classname="tests.test_recipients_manager.TestSeededRecipients" name="test_seeded_email_recipient_exists" time="0.372" /><testcase classname="tests.test_recipients_manager.TestSeededRecipients" name="test_seeded_whatsapp_recipient_exists" time="0.439" /></testsuite></testsuites>