<?xml version="1.0" encoding="utf-8"?><testsuites name="pytest tests"><testsuite name="pytest" errors="0" failures="0" skipped="0" tests="23" time="4.412" timestamp="2026-04-17T08:13:17.476630+00:00" hostname="agent-env-1c12738f-7f5f-4886-9b53-56c8e8e16cc2"><testcase classname="tests.test_responsabilidad_economica.TestAuthAndHealth" name="test_health_check" time="0.197" /><testcase classname="tests.test_responsabilidad_economica.TestAuthAndHealth" name="test_auth_login" time="0.371" /><testcase classname="tests.test_responsabilidad_economica.TestResponsabilidadConfiguracion" name="test_get_configuracion" time="0.120" /><testcase classname="tests.test_responsabilidad_economica.TestResponsabilidadConfiguracion" name="test_put_configuracion_update_and_persist" time="0.483" /><testcase classname="tests.test_responsabilidad_economica.TestResponsabilidadConfiguracion" name="test_put_configuracion_tolerancia" time="0.364" /><testcase classname="tests.test_responsabilidad_economica.TestResponsabilidadListar" name="test_get_responsabilidad_list" time="0.154" /><testcase classname="tests.test_responsabilidad_economica.TestResponsabilidadListar" name="test_get_responsabilidad_list_with_filters" time="0.105" /><testcase classname="tests.test_responsabilidad_economica.TestResponsabilidadListar" name="test_get_responsabilidad_pagination" time="0.102" /><testcase classname="tests.test_responsabilidad_economica.TestResponsabilidadPorWorkflow" name="test_get_responsabilidad_by_workflow_existing" time="0.209" /><testcase classname="tests.test_responsabilidad_economica.TestResponsabilidadPorWorkflow" name="test_get_responsabilidad_by_workflow_not_found" time="0.109" /><testcase classname="tests.test_responsabilidad_economica.TestResponsabilidadCalculo" name="test_calcular_workflow_con_faltantes_grandes" time="0.223" /><testcase classname="tests.test_responsabilidad_economica.TestResponsabilidadCalculo" name="test_calcular_workflow_con_faltantes_menores_minimo" time="0.108" /><testcase classname="tests.test_responsabilidad_economica.TestResponsabilidadCalculo" name="test_calcular_workflow_solo_sobrantes" time="0.113" /><testcase classname="tests.test_responsabilidad_economica.TestResponsabilidadCalculo" name="test_sobrantes_no_compensan_faltantes" time="0.104" /><testcase classname="tests.test_responsabilidad_economica.TestResponsabilidadCalculo" name="test_tolerancia_aplicada" time="0.106" /><testcase classname="tests.test_responsabilidad_economica.TestResponsabilidadCalcularEndpoint" name="test_calcular_requires_usuario_id" time="0.121" /><testcase classname="tests.test_responsabilidad_economica.TestResponsabilidadCalcularEndpoint" name="test_calcular_workflow_not_found" time="0.114" /><testcase classname="tests.test_responsabilidad_economica.TestResponsabilidadCalcularEndpoint" name="test_calcular_already_exists_returns_409" time="0.225" /><testcase classname="tests.test_responsabilidad_economica.TestResponsabilidadCalcularEndpoint" name="test_calcular_forzar_recalculo" time="0.244" /><testcase classname="tests.test_responsabilidad_economica.TestWorkflowStateTransition" name="test_workflow_estado_en_revision_financiera" time="0.206" /><testcase classname="tests.test_responsabilidad_economica.TestNoRegression" name="test_dashboard_kpis_working" time="0.110" /><testcase classname="tests.test_responsabilidad_economica.TestNoRegression" name="test_auth_login_working" time="0.327" /><testcase classname="tests.test_responsabilidad_economica.TestNoRegression" name="test_workflows_list_working" time="0.107" /></testsuite></testsuites>