<?xml version="1.0" encoding="utf-8"?><testsuites name="pytest tests"><testsuite name="pytest" errors="0" failures="0" skipped="0" tests="11" time="11.190" timestamp="2026-03-27T04:52:49.620885+00:00" hostname="agent-env-1c12738f-7f5f-4886-9b53-56c8e8e16cc2"><testcase classname="backend.tests.test_compras_module.TestComprasModuleAuth" name="test_login_success" time="0.536" /><testcase classname="backend.tests.test_compras_module.TestComprasServerSelection" name="test_get_servers_returns_mpro" time="0.473" /><testcase classname="backend.tests.test_compras_module.TestComprasServerSelection" name="test_get_sucursales_for_mpro" time="0.269" /><testcase classname="backend.tests.test_compras_module.TestComprasServerSelection" name="test_get_almacenes_for_sucursal" time="0.539" /><testcase classname="backend.tests.test_compras_module.TestCalculoPedidoEndpoint" name="test_calculo_pedido_returns_200" time="2.830" /><testcase classname="backend.tests.test_compras_module.TestCalculoPedidoEndpoint" name="test_calculo_pedido_data_structure" time="1.880" /><testcase classname="backend.tests.test_compras_module.TestCalculoPedidoEndpoint" name="test_calculo_pedido_inventory_info" time="1.900" /><testcase classname="backend.tests.test_compras_module.TestCalculoPedidoEndpoint" name="test_calculo_pedido_kpi_calculation" time="1.925" /><testcase classname="backend.tests.test_compras_module.TestCalculoPedidoEndpoint" name="test_calculo_pedido_invalid_server" time="0.127" /><testcase classname="backend.tests.test_compras_module.TestCalculoPedidoEndpoint" name="test_calculo_pedido_without_auth" time="0.113" /><testcase classname="backend.tests.test_compras_module.TestComprasParametros" name="test_get_parametros_returns_defaults" time="0.417" /></testsuite></testsuites>