<?xml version="1.0" encoding="utf-8"?><testsuites name="pytest tests"><testsuite name="pytest" errors="0" failures="0" skipped="0" tests="14" time="5.185" timestamp="2026-04-19T23:16:33.527771+00:00" hostname="agent-env-1c12738f-7f5f-4886-9b53-56c8e8e16cc2"><testcase classname="tests.test_email_notifications.TestEmailNotifications" name="test_ping_endpoint_no_auth" time="0.207" /><testcase classname="tests.test_email_notifications.TestEmailNotifications" name="test_email_config_requires_auth" time="0.127" /><testcase classname="tests.test_email_notifications.TestEmailNotifications" name="test_email_config_with_auth" time="0.426" /><testcase classname="tests.test_email_notifications.TestEmailNotifications" name="test_email_test_requires_auth" time="0.136" /><testcase classname="tests.test_email_notifications.TestEmailNotifications" name="test_email_test_with_auth" time="0.965" /><testcase classname="tests.test_email_notifications.TestEmailNotifications" name="test_alerta_critica_email_requires_auth" time="0.123" /><testcase classname="tests.test_email_notifications.TestEmailNotifications" name="test_alerta_critica_email_with_auth" time="0.857" /><testcase classname="tests.test_email_notifications.TestEmailNotifications" name="test_estado_requires_auth" time="0.158" /><testcase classname="tests.test_email_notifications.TestEmailNotifications" name="test_estado_with_auth" time="0.397" /><testcase classname="tests.test_email_notifications.TestEmailNotifications" name="test_salud_resumen_requires_auth" time="0.171" /><testcase classname="tests.test_email_notifications.TestEmailNotifications" name="test_salud_resumen_with_auth" time="0.389" /><testcase classname="tests.test_email_notifications.TestAuthenticationFlow" name="test_admin_login_primary" time="0.392" /><testcase classname="tests.test_email_notifications.TestAuthenticationFlow" name="test_admin_login_rbac" time="0.340" /><testcase classname="tests.test_email_notifications.TestEmailConfigurationDetails" name="test_email_config_smtp_settings" time="0.415" /></testsuite></testsuites>