<?xml version="1.0" encoding="utf-8"?><testsuites name="pytest tests"><testsuite name="pytest" errors="0" failures="0" skipped="0" tests="18" time="105.830" timestamp="2026-03-12T00:48:08.852368+00:00" hostname="agent-env-1c12738f-7f5f-4886-9b53-56c8e8e16cc2"><testcase classname="backend.tests.test_dashboard_servers.TestAuthentication" name="test_login_success" time="0.527" /><testcase classname="backend.tests.test_dashboard_servers.TestAuthentication" name="test_login_invalid_credentials" time="0.130" /><testcase classname="backend.tests.test_dashboard_servers.TestDashboardServersConfigured" name="test_get_servers_configured" time="0.489" /><testcase classname="backend.tests.test_dashboard_servers.TestDashboardServersConfigured" name="test_servers_count" time="0.114" /><testcase classname="backend.tests.test_dashboard_servers.TestDashboardMPRO" name="test_dashboard_mpro_loads" time="47.213" /><testcase classname="backend.tests.test_dashboard_servers.TestDashboardMPRO" name="test_mpro_kpis_calculated" time="47.094" /><testcase classname="backend.tests.test_dashboard_servers.TestDashboardCienfuegos" name="test_dashboard_cienfuegos_loads" time="2.307" /><testcase classname="backend.tests.test_dashboard_servers.TestDashboardCienfuegos" name="test_cienfuegos_has_data" time="2.129" /><testcase classname="backend.tests.test_dashboard_servers.TestDashboardLaEstelar" name="test_dashboard_la_estelar_loads" time="1.578" /><testcase classname="backend.tests.test_dashboard_servers.TestDashboardLaEstelar" name="test_la_estelar_kpis" time="1.514" /><testcase classname="backend.tests.test_dashboard_servers.TestMPROFilters" name="test_mpro_tipos_movimiento" time="0.279" /><testcase classname="backend.tests.test_dashboard_servers.TestMPROFilters" name="test_mpro_categorias" time="0.354" /><testcase classname="backend.tests.test_dashboard_servers.TestMPROFilters" name="test_mpro_departamentos" time="0.290" /><testcase classname="backend.tests.test_dashboard_servers.TestLaEstelarFilters" name="test_la_estelar_tipos_movimiento" time="0.417" /><testcase classname="backend.tests.test_dashboard_servers.TestLaEstelarFilters" name="test_la_estelar_categorias" time="0.584" /><testcase classname="backend.tests.test_dashboard_servers.TestLaEstelarFilters" name="test_la_estelar_departamentos" time="0.450" /><testcase classname="backend.tests.test_dashboard_servers.TestServersEndpoint" name="test_get_servers_list" time="0.127" /><testcase classname="backend.tests.test_dashboard_servers.TestServersEndpoint" name="test_servers_have_queries_configured" time="0.114" /></testsuite></testsuites>