<?xml version="1.0" encoding="utf-8"?><testsuites name="pytest tests"><testsuite name="pytest" errors="0" failures="0" skipped="0" tests="30" time="66.401" timestamp="2026-04-20T00:06:08.391829+00:00" hostname="agent-env-1c12738f-7f5f-4886-9b53-56c8e8e16cc2"><testcase classname="tests.test_automatizacion_compras_fase4.TestAutomatizacionComprasFase4" name="test_detector_estado_returns_200" time="0.419" /><testcase classname="tests.test_automatizacion_compras_fase4.TestAutomatizacionComprasFase4" name="test_detector_estado_shows_job_info" time="0.422" /><testcase classname="tests.test_automatizacion_compras_fase4.TestAutomatizacionComprasFase4" name="test_detector_ejecutar_manual_returns_200" time="53.653" /><testcase classname="tests.test_automatizacion_compras_fase4.TestAutomatizacionComprasFase4" name="test_detector_ejecutar_con_empresa_filter" time="0.474" /><testcase classname="tests.test_automatizacion_compras_fase4.TestAutomatizacionComprasFase4" name="test_detector_ejecutar_requires_auth" time="0.481" /><testcase classname="tests.test_automatizacion_compras_fase4.TestAutomatizacionComprasFase4" name="test_bitacora_detector_returns_200" time="0.382" /><testcase classname="tests.test_automatizacion_compras_fase4.TestAutomatizacionComprasFase4" name="test_bitacora_detector_respects_limite" time="0.425" /><testcase classname="tests.test_automatizacion_compras_fase4.TestAutomatizacionComprasFase4" name="test_bitacora_evento_structure" time="0.427" /><testcase classname="tests.test_automatizacion_compras_fase4.TestAutomatizacionComprasFase4" name="test_pedidos_procesados_returns_200" time="0.386" /><testcase classname="tests.test_automatizacion_compras_fase4.TestAutomatizacionComprasFase4" name="test_pedidos_procesados_filter_by_empresa" time="0.380" /><testcase classname="tests.test_automatizacion_compras_fase4.TestAutomatizacionComprasFase4" name="test_pedidos_procesados_filter_by_estado" time="0.406" /><testcase classname="tests.test_automatizacion_compras_fase4.TestAutomatizacionComprasFase4" name="test_pedidos_procesados_structure" time="0.415" /><testcase classname="tests.test_automatizacion_compras_fase4.TestAutomatizacionComprasFase4" name="test_tareas_operativas_returns_200" time="0.400" /><testcase classname="tests.test_automatizacion_compras_fase4.TestAutomatizacionComprasFase4" name="test_tareas_operativas_filter_by_empresa" time="0.408" /><testcase classname="tests.test_automatizacion_compras_fase4.TestAutomatizacionComprasFase4" name="test_tareas_operativas_filter_by_estado" time="0.403" /><testcase classname="tests.test_automatizacion_compras_fase4.TestAutomatizacionComprasFase4" name="test_tareas_operativas_structure" time="0.423" /><testcase classname="tests.test_automatizacion_compras_fase4.TestAutomatizacionComprasFase4" name="test_kpis_returns_200" time="0.451" /><testcase classname="tests.test_automatizacion_compras_fase4.TestAutomatizacionComprasFase4" name="test_kpis_filter_by_server" time="0.378" /><testcase classname="tests.test_automatizacion_compras_fase4.TestAutomatizacionComprasFase4" name="test_listar_automatizaciones_returns_200" time="0.399" /><testcase classname="tests.test_automatizacion_compras_fase4.TestAutomatizacionComprasFase4" name="test_listar_automatizaciones_filter_by_estado" time="0.393" /><testcase classname="tests.test_automatizacion_compras_fase4.TestAutomatizacionComprasFase4" name="test_listar_automatizaciones_filter_by_sucursal" time="0.384" /><testcase classname="tests.test_automatizacion_compras_fase4.TestAutomatizacionComprasFase4" name="test_listar_automatizaciones_respects_limite" time="0.488" /><testcase classname="tests.test_automatizacion_compras_fase4.TestAutomatizacionComprasFase4" name="test_all_endpoints_require_auth" time="1.104" /><testcase classname="tests.test_automatizacion_compras_fase4.TestTareasOperativasWorkflow" name="test_obtener_tarea_por_id_404" time="0.388" /><testcase classname="tests.test_automatizacion_compras_fase4.TestTareasOperativasWorkflow" name="test_completar_tarea_404" time="0.393" /><testcase classname="tests.test_automatizacion_compras_fase4.TestTareasOperativasWorkflow" name="test_asignar_tarea_404" time="0.391" /><testcase classname="tests.test_automatizacion_compras_fase4.TestTareasOperativasWorkflow" name="test_workflow_tarea_existente" time="0.396" /><testcase classname="tests.test_automatizacion_compras_fase4.TestAutomatizacionComprasExistentes" name="test_obtener_automatizacion_404" time="0.405" /><testcase classname="tests.test_automatizacion_compras_fase4.TestAutomatizacionComprasExistentes" name="test_obtener_automatizacion_existente" time="0.434" /><testcase classname="tests.test_automatizacion_compras_fase4.TestAutomatizacionComprasExistentes" name="test_obtener_bitacora_automatizacion_404" time="0.395" /></testsuite></testsuites>