<?xml version="1.0" encoding="utf-8"?><testsuites name="pytest tests"><testsuite name="pytest" errors="0" failures="0" skipped="0" tests="27" time="4.759" timestamp="2026-04-18T19:51:34.158688+00:00" hostname="agent-env-1c12738f-7f5f-4886-9b53-56c8e8e16cc2"><testcase classname="tests.test_rbac_fase2d.TestRBACSetup" name="test_api_health" time="0.148" /><testcase classname="tests.test_rbac_fase2d.TestRBACSetup" name="test_admin_login" time="0.348" /><testcase classname="tests.test_rbac_fase2d.TestRBACSetup" name="test_operador_login" time="0.330" /><testcase classname="tests.test_rbac_fase2d.TestCargosRBAC" name="test_get_cargos_admin" time="0.471" /><testcase classname="tests.test_rbac_fase2d.TestCargosRBAC" name="test_get_cargos_operador" time="0.466" /><testcase classname="tests.test_rbac_fase2d.TestCargosRBAC" name="test_get_cargos_pendientes_operador" time="0.127" /><testcase classname="tests.test_rbac_fase2d.TestCargosRBAC" name="test_get_cargos_metricas_operador" time="0.112" /><testcase classname="tests.test_rbac_fase2d.TestCargosRBAC" name="test_post_cargos_admin" time="0.129" /><testcase classname="tests.test_rbac_fase2d.TestCargosRBAC" name="test_post_cargos_operador_forbidden" time="0.119" /><testcase classname="tests.test_rbac_fase2d.TestCargosRBAC" name="test_post_aplicar_operador_forbidden" time="0.128" /><testcase classname="tests.test_rbac_fase2d.TestCargosRBAC" name="test_post_autorizar_operador_forbidden" time="0.220" /><testcase classname="tests.test_rbac_fase2d.TestResponsabilidadRBAC" name="test_get_responsabilidad_admin" time="0.146" /><testcase classname="tests.test_rbac_fase2d.TestResponsabilidadRBAC" name="test_get_responsabilidad_operador" time="0.118" /><testcase classname="tests.test_rbac_fase2d.TestResponsabilidadRBAC" name="test_get_configuracion_operador" time="0.122" /><testcase classname="tests.test_rbac_fase2d.TestResponsabilidadRBAC" name="test_post_calcular_operador_forbidden" time="0.119" /><testcase classname="tests.test_rbac_fase2d.TestResponsabilidadRBAC" name="test_post_exonerar_operador_forbidden" time="0.188" /><testcase classname="tests.test_rbac_fase2d.TestResponsabilidadRBAC" name="test_post_disputar_operador_allowed" time="0.146" /><testcase classname="tests.test_rbac_fase2d.TestSLARBAC" name="test_get_sla_config_admin" time="0.125" /><testcase classname="tests.test_rbac_fase2d.TestSLARBAC" name="test_get_sla_config_operador" time="0.122" /><testcase classname="tests.test_rbac_fase2d.TestSLARBAC" name="test_put_sla_config_operador_forbidden" time="0.121" /><testcase classname="tests.test_rbac_fase2d.TestSLARBAC" name="test_put_sla_config_admin" time="0.132" /><testcase classname="tests.test_rbac_fase2d.TestNotificacionesRBAC" name="test_get_notificaciones_config_admin" time="0.133" /><testcase classname="tests.test_rbac_fase2d.TestNotificacionesRBAC" name="test_get_notificaciones_config_operador_forbidden" time="0.128" /><testcase classname="tests.test_rbac_fase2d.TestNotificacionesRBAC" name="test_post_notificaciones_test_operador_forbidden" time="0.127" /><testcase classname="tests.test_rbac_fase2d.TestAuthenticationRequired" name="test_no_token_returns_401" time="0.103" /><testcase classname="tests.test_rbac_fase2d.TestAuthenticationRequired" name="test_invalid_token_returns_401" time="0.116" /><testcase classname="tests.test_rbac_fase2d.TestRBACAudit" name="test_rbac_audit_endpoint" time="0.141" /></testsuite></testsuites>